<?xml version="1.0" encoding="UTF-8"?>
<testng-results ignored="0" total="1" passed="1" failed="0" skipped="0">
  <reporter-output>
    <line>
      <![CDATA[Campaign created]]>
    </line>
  </reporter-output>
  <suite started-at="2025-03-06T11:00:02 IST" name="Suite" finished-at="2025-03-06T11:00:02 IST" duration-ms="225">
    <groups>
    </groups>
    <test started-at="2025-03-06T11:00:02 IST" name="Test" finished-at="2025-03-06T11:00:02 IST" duration-ms="225">
      <class name="com.vildaris.testscripts.Operations.CreateOperation">
        <test-method signature="createOp()[pri:0, instance:com.vildaris.testscripts.Operations.CreateOperation@74235045]" started-at="2025-03-06T11:00:02 IST" name="createOp" finished-at="2025-03-06T11:00:02 IST" duration-ms="21" status="PASS">
          <reporter-output>
            <line>
              <![CDATA[Campaign created]]>
            </line>
          </reporter-output>
        </test-method> <!-- createOp -->
      </class> <!-- com.vildaris.testscripts.Operations.CreateOperation -->
    </test> <!-- Test -->
  </suite> <!-- Suite -->
</testng-results>
